\BOOKMARK [1][-]{section*.4}{\376\377\000I\000n\000t\000r\000o\000d\000u\000c\000t\000i\000o\000n}{}% 1
\BOOKMARK [2][-]{section*.5}{\376\377\000R\000e\000p\000e\000t\000i\000t\000i\000o\000n\000\040\000W\000i\000t\000h\000i\000n\000\040\000R\000e\000t\000r\000i\000e\000v\000e\000d\000-\000C\000o\000n\000t\000e\000x\000t\000\040\000T\000h\000e\000o\000r\000y}{section*.4}% 2
\BOOKMARK [2][-]{section*.6}{\376\377\000E\000p\000i\000s\000o\000d\000e\000-\000S\000p\000e\000c\000i\000f\000i\000c\000\040\000R\000e\000i\000n\000s\000t\000a\000t\000e\000m\000e\000n\000t\000\040\000W\000i\000t\000h\000i\000n\000\040\000a\000\040\000R\000e\000t\000r\000i\000e\000v\000e\000d\000-\000C\000o\000n\000t\000e\000x\000t\000\040\000F\000r\000a\000m\000e\000w\000o\000r\000k}{section*.4}% 3
\BOOKMARK [2][-]{section*.8}{\376\377\000R\000o\000a\000d\000m\000a\000p}{section*.4}% 4
\BOOKMARK [1][-]{section*.9}{\376\377\000I\000n\000s\000t\000a\000n\000c\000e\000-\000C\000M\000R\000:\000\040\000A\000n\000\040\000E\000p\000i\000s\000o\000d\000e\000-\000S\000p\000e\000c\000i\000f\000i\000c\000\040\000R\000e\000t\000r\000i\000e\000v\000e\000d\000-\000C\000o\000n\000t\000e\000x\000t\000\040\000A\000c\000c\000o\000u\000n\000t\000\040\000o\000f\000\040\000M\000e\000m\000o\000r\000y\000\040\000S\000e\000a\000r\000c\000h}{}% 5
\BOOKMARK [2][-]{section*.11}{\376\377\000R\000e\000p\000r\000e\000s\000e\000n\000t\000a\000t\000i\000o\000n\000s\000\040\000a\000n\000d\000\040\000M\000e\000m\000o\000r\000y\000\040\000A\000r\000c\000h\000i\000t\000e\000c\000t\000u\000r\000e}{section*.9}% 6
\BOOKMARK [2][-]{section*.16}{\376\377\000E\000n\000c\000o\000d\000i\000n\000g\000\040\000D\000y\000n\000a\000m\000i\000c\000s\000\040\000\050\000S\000t\000u\000d\000y\000\051}{section*.9}% 7
\BOOKMARK [2][-]{section*.19}{\376\377\000R\000e\000t\000r\000i\000e\000v\000a\000l\000\040\000D\000y\000n\000a\000m\000i\000c\000s\000\040\000\050\000R\000e\000c\000a\000l\000l\000\051}{section*.9}% 8
\BOOKMARK [2][-]{section*.24}{\376\377\000T\000a\000s\000k\000\040\000I\000m\000p\000l\000e\000m\000e\000n\000t\000a\000t\000i\000o\000n\000s\000\040\000a\000n\000d\000\040\000T\000e\000r\000m\000i\000n\000a\000t\000i\000o\000n}{section*.9}% 9
\BOOKMARK [2][-]{section*.26}{\376\377\000V\000a\000r\000i\000a\000n\000t\000s\000\040\000a\000n\000d\000\040\000E\000x\000t\000e\000n\000s\000i\000o\000n\000s}{section*.9}% 10
\BOOKMARK [1][-]{section*.27}{\376\377\000M\000e\000t\000h\000o\000d\000o\000l\000o\000g\000i\000c\000a\000l\000\040\000F\000r\000a\000m\000e\000w\000o\000r\000k}{}% 11
\BOOKMARK [2][-]{section*.28}{\376\377\000D\000e\000f\000i\000n\000i\000n\000g\000\040\000a\000n\000d\000\040\000M\000e\000a\000s\000u\000r\000i\000n\000g\000\040\000R\000e\000p\000e\000t\000i\000t\000i\000o\000n\000\040\000E\000f\000f\000e\000c\000t\000s}{section*.27}% 12
\BOOKMARK [2][-]{section*.29}{\376\377\000D\000a\000t\000a\000s\000e\000t\000s}{section*.27}% 13
\BOOKMARK [1][-]{section*.30}{\376\377\000M\000o\000d\000e\000l\000\040\000E\000v\000a\000l\000u\000a\000t\000i\000o\000n}{}% 14
\BOOKMARK [1][-]{section*.31}{\376\377\000M\000o\000d\000e\000l\000\040\000V\000a\000l\000i\000d\000a\000t\000i\000o\000n\000\040\000o\000n\000\040\000N\000o\000n\000-\000R\000e\000p\000e\000t\000i\000t\000i\000o\000n\000\040\000L\000i\000s\000t\000s}{}% 15
\BOOKMARK [1][-]{section*.33}{\376\377\000R\000e\000a\000s\000s\000e\000s\000s\000i\000n\000g\000\040\000E\000m\000p\000i\000r\000i\000c\000a\000l\000\040\000B\000e\000n\000c\000h\000m\000a\000r\000k\000s\000\040\000A\000g\000a\000i\000n\000s\000t\000\040\000C\000M\000R}{}% 16
\BOOKMARK [2][-]{section*.36}{\376\377\000T\000h\000e\000\040\000S\000p\000a\000c\000i\000n\000g\000\040\000E\000f\000f\000e\000c\000t}{section*.33}% 17
\BOOKMARK [1][-]{section*.38}{\376\377\000D\000i\000a\000g\000n\000o\000s\000t\000i\000c\000\040\000T\000e\000s\000t\000s\000\040\000o\000f\000\040\000C\000r\000o\000s\000s\000-\000O\000c\000c\000u\000r\000r\000e\000n\000c\000e\000\040\000A\000s\000s\000o\000c\000i\000a\000t\000i\000v\000e\000\040\000I\000n\000t\000e\000r\000f\000e\000r\000e\000n\000c\000e}{}% 18
\BOOKMARK [2][-]{section*.39}{\376\377\000A\000n\000a\000l\000y\000t\000i\000c\000\040\000d\000e\000f\000i\000n\000i\000t\000i\000o\000n\000s}{section*.38}% 19
\BOOKMARK [3][-]{section*.40}{\376\377\000R\000e\000p\000e\000t\000i\000t\000i\000o\000n\000\040\000l\000a\000g\000-\000C\000R\000P\000\040\000\050\000o\000u\000t\000g\000o\000i\000n\000g\000\051}{section*.39}% 20
\BOOKMARK [3][-]{section*.42}{\376\377\000R\000e\000p\000e\000t\000i\000t\000i\000o\000n\000\040\000l\000a\000g\000-\000C\000R\000P\000\040\000\050\000i\000n\000c\000o\000m\000i\000n\000g\000;\000\040\000`\000`\000b\000a\000c\000k\000w\000a\000r\000d\000'\000'\000\040\000v\000a\000r\000i\000a\000n\000t\000\051}{section*.39}% 21
\BOOKMARK [3][-]{section*.43}{\376\377\000C\000r\000o\000s\000s\000-\000o\000c\000c\000u\000r\000r\000e\000n\000c\000e\000\040\000n\000e\000i\000g\000h\000b\000o\000r\000\040\000c\000o\000n\000t\000i\000g\000u\000i\000t\000y\000\040\000\050\000f\000r\000e\000e\000\040\000r\000e\000c\000a\000l\000l\000\051}{section*.39}% 22
\BOOKMARK [3][-]{section*.44}{\376\377\000S\000e\000r\000i\000a\000l\000\040\000f\000o\000r\000w\000a\000r\000d\000-\000c\000h\000a\000i\000n\000i\000n\000g\000\040\000t\000e\000s\000t\000\040\000\050\000s\000e\000r\000i\000a\000l\000\040\000r\000e\000c\000a\000l\000l\000\051}{section*.39}% 23
\BOOKMARK [2][-]{section*.45}{\376\377\000C\000r\000o\000s\000s\000-\000O\000c\000c\000u\000r\000r\000e\000n\000c\000e\000\040\000N\000e\000i\000g\000h\000b\000o\000r\000\040\000T\000r\000a\000n\000s\000i\000t\000i\000o\000n\000s}{section*.38}% 24
\BOOKMARK [2][-]{section*.47}{\376\377\000T\000h\000e\000\040\000R\000e\000p\000e\000t\000i\000t\000i\000o\000n\000\040\000L\000a\000g\000-\000C\000R\000P}{section*.38}% 25
\BOOKMARK [2][-]{section*.49}{\376\377\000B\000a\000c\000k\000w\000a\000r\000d\000/\000I\000n\000c\000o\000m\000i\000n\000g\000\040\000V\000a\000r\000i\000a\000n\000t\000\040\000o\000f\000\040\000t\000h\000e\000\040\000R\000e\000p\000e\000t\000i\000t\000i\000o\000n\000\040\000L\000a\000g\000-\000C\000R\000P}{section*.38}% 26
\BOOKMARK [2][-]{section*.51}{\376\377\000F\000o\000r\000w\000a\000r\000d\000\040\000C\000h\000a\000i\000n\000i\000n\000g\000\040\000i\000n\000\040\000S\000e\000r\000i\000a\000l\000\040\000R\000e\000c\000a\000l\000l}{section*.38}% 27
\BOOKMARK [2][-]{section*.53}{\376\377\000S\000u\000m\000m\000a\000r\000y\000:\000\040\000N\000o\000n\000i\000n\000t\000e\000r\000f\000e\000r\000e\000n\000c\000e\000\040\000A\000c\000r\000o\000s\000s\000\040\000T\000a\000s\000k\000s}{section*.38}% 28
\BOOKMARK [1][-]{section*.54}{\376\377\000A\000b\000l\000a\000t\000i\000o\000n\000\040\000A\000n\000a\000l\000y\000s\000i\000s\000:\000\040\000C\000M\000R\000\040\000w\000i\000t\000h\000o\000u\000t\000\040\000S\000t\000u\000d\000y\000\040\000P\000h\000a\000s\000e\000\040\000R\000e\000t\000r\000i\000e\000v\000a\000l}{}% 29
\BOOKMARK [1][-]{section*.59}{\376\377\000I\000n\000s\000t\000a\000n\000c\000e\000-\000C\000M\000R\000:\000\040\000E\000l\000i\000m\000i\000n\000a\000t\000i\000n\000g\000\040\000A\000s\000s\000o\000c\000i\000a\000t\000i\000v\000e\000\040\000I\000n\000t\000e\000r\000f\000e\000r\000e\000n\000c\000e\000\040\000a\000t\000\040\000E\000n\000c\000o\000d\000i\000n\000g\000\040\000a\000n\000d\000\040\000R\000e\000t\000r\000i\000e\000v\000a\000l}{}% 30
\BOOKMARK [1][-]{section*.65}{\376\377\000E\000x\000p\000l\000o\000r\000i\000n\000g\000\040\000R\000e\000i\000n\000f\000o\000r\000c\000e\000m\000e\000n\000t\000\040\000w\000i\000t\000h\000o\000u\000t\000\040\000A\000s\000s\000o\000c\000i\000a\000t\000i\000v\000e\000\040\000B\000l\000e\000n\000d\000i\000n\000g\000\040\000a\000t\000\040\000S\000t\000u\000d\000y}{}% 31
\BOOKMARK [2][-]{section*.72}{\376\377\000F\000o\000r\000m\000a\000l\000\040\000C\000o\000m\000p\000a\000r\000i\000s\000o\000n\000\040\000A\000c\000r\000o\000s\000s\000\040\000D\000a\000t\000a\000s\000e\000t\000s}{section*.65}% 32
\BOOKMARK [1][-]{section*.77}{\376\377\000G\000e\000n\000e\000r\000a\000l\000\040\000D\000i\000s\000c\000u\000s\000s\000i\000o\000n}{}% 33
\BOOKMARK [1][-]{section*.78}{\376\377\000R\000e\000f\000e\000r\000e\000n\000c\000e\000s}{}% 34
